<?xml version="1.0" encoding="UTF-8"?>
<testsuite name="com.phg.dhtmonitor.model.modeltest" tests="1" skipped="0" failures="0" errors="0" timestamp="2016-02-25T00:52:49" hostname="Miles-2015-Mac-Book-Pro.local" time="0.0">
  <properties/>
  <testcase name="dhtTest" classname="com.phg.dhtmonitor.model.modeltest" time="0.0"/>
  <system-out><![CDATA[]]></system-out>
  <system-err><![CDATA[]]></system-err>
</testsuite>
